# JRE version: Java(TM) SE Runtime Environment (8.0_121-b13) (build 1.8.0_121-b13)
# Java VM: Java HotSpot(TM) 64-Bit Server VM (25.121-b13 mixed mode bsd-amd64 compressed oops)
Heap:
 PSYoungGen      total 24576K, used 831K [0x00000007aab00000, 0x00000007acc00000, 0x00000007c0000000)
  eden space 16384K, 4% used [0x00000007aab00000,0x00000007aabb7e50,0x00000007abb00000)
  from space 8192K, 1% used [0x00000007ac400000,0x00000007ac418000,0x00000007acc00000)
  to   space 8704K, 0% used [0x00000007abb00000,0x00000007abb00000,0x00000007ac380000)
 ParOldGen       total 46592K, used 16378K [0x0000000780000000, 0x0000000782d80000, 0x00000007aab00000)
  object space 46592K, 35% used [0x0000000780000000,0x0000000780ffe958,0x0000000782d80000)
 Metaspace       used 20421K, capacity 21342K, committed 21504K, reserved 1067008K
  class space    used 2733K, capacity 2968K, committed 3072K, reserved 1048576K
GC Heap History (10 events):
Event: 1383.924 GC heap before
{Heap before GC invocations=13 (full 1):
 PSYoungGen      total 16896K, used 16448K [0x00000007aab00000, 0x00000007ad100000, 0x00000007c0000000)
  eden space 16384K, 100% used [0x00000007aab00000,0x00000007abb00000,0x00000007abb00000)
  from space 512K, 12% used [0x00000007abb00000,0x00000007abb10000,0x00000007abb80000)
  to   space 11264K, 0% used [0x00000007ac600000,0x00000007ac600000,0x00000007ad100000)
 ParOldGen       total 46592K, used 16370K [0x0000000780000000, 0x0000000782d80000, 0x00000007aab00000)
  object space 46592K, 35% used [0x0000000780000000,0x0000000780ffc958,0x0000000782d80000)
 Metaspace       used 20319K, capacity 21182K, committed 21424K, reserved 1067008K
  class space    used 2728K, capacity 2960K, committed 3072K, reserved 1048576K
Event: 1383.926 GC heap after
Heap after GC invocations=13 (full 1):
 PSYoungGen      total 26624K, used 64K [0x00000007aab00000, 0x00000007ad000000, 0x00000007c0000000)
  eden space 16384K, 0% used [0x00000007aab00000,0x00000007aab00000,0x00000007abb00000)
  from space 10240K, 0% used [0x00000007ac600000,0x00000007ac610000,0x00000007ad000000)
  to   space 10752K, 0% used [0x00000007abb00000,0x00000007abb00000,0x00000007ac580000)
 ParOldGen       total 46592K, used 16370K [0x0000000780000000, 0x0000000782d80000, 0x00000007aab00000)
  object space 46592K, 35% used [0x0000000780000000,0x0000000780ffc958,0x0000000782d80000)
 Metaspace       used 20319K, capacity 21182K, committed 21424K, reserved 1067008K
  class space    used 2728K, capacity 2960K, committed 3072K, reserved 1048576K
}
Event: 1554.808 GC heap before
{Heap before GC invocations=14 (full 1):
 PSYoungGen      total 26624K, used 16448K [0x00000007aab00000, 0x00000007ad000000, 0x00000007c0000000)
  eden space 16384K, 100% used [0x00000007aab00000,0x00000007abb00000,0x00000007abb00000)
  from space 10240K, 0% used [0x00000007ac600000,0x00000007ac610000,0x00000007ad000000)
  to   space 10752K, 0% used [0x00000007abb00000,0x00000007abb00000,0x00000007ac580000)
 ParOldGen       total 46592K, used 16370K [0x0000000780000000, 0x0000000782d80000, 0x00000007aab00000)
  object space 46592K, 35% used [0x0000000780000000,0x0000000780ffc958,0x0000000782d80000)
 Metaspace       used 20319K, capacity 21182K, committed 21424K, reserved 1067008K
  class space    used 2728K, capacity 2960K, committed 3072K, reserved 1048576K
Event: 1554.810 GC heap after
Heap after GC invocations=14 (full 1):
 PSYoungGen      total 16896K, used 64K [0x00000007aab00000, 0x00000007acf00000, 0x00000007c0000000)
  eden space 16384K, 0% used [0x00000007aab00000,0x00000007aab00000,0x00000007abb00000)
  from space 512K, 12% used [0x00000007abb00000,0x00000007abb10000,0x00000007abb80000)
  to   space 10240K, 0% used [0x00000007ac500000,0x00000007ac500000,0x00000007acf00000)
 ParOldGen       total 46592K, used 16370K [0x0000000780000000, 0x0000000782d80000, 0x00000007aab00000)
  object space 46592K, 35% used [0x0000000780000000,0x0000000780ffc958,0x0000000782d80000)
 Metaspace       used 20319K, capacity 21182K, committed 21424K, reserved 1067008K
  class space    used 2728K, capacity 2960K, committed 3072K, reserved 1048576K
}
Event: 1734.724 GC heap before
{Heap before GC invocations=15 (full 1):
 PSYoungGen      total 16896K, used 16448K [0x00000007aab00000, 0x00000007acf00000, 0x00000007c0000000)
  eden space 16384K, 100% used [0x00000007aab00000,0x00000007abb00000,0x00000007abb00000)
  from space 512K, 12% used [0x00000007abb00000,0x00000007abb10000,0x00000007abb80000)
  to   space 10240K, 0% used [0x00000007ac500000,0x00000007ac500000,0x00000007acf00000)
 ParOldGen       total 46592K, used 16370K [0x0000000780000000, 0x0000000782d80000, 0x00000007aab00000)
  object space 46592K, 35% used [0x0000000780000000,0x0000000780ffc958,0x0000000782d80000)
 Metaspace       used 20319K, capacity 21182K, committed 21424K, reserved 1067008K
  class space    used 2728K, capacity 2960K, committed 3072K, reserved 1048576K
Event: 1734.726 GC heap after
Heap after GC invocations=15 (full 1):
 PSYoungGen      total 25600K, used 64K [0x00000007aab00000, 0x00000007ace00000, 0x00000007c0000000)
  eden space 16384K, 0% used [0x00000007aab00000,0x00000007aab00000,0x00000007abb00000)
  from space 9216K, 0% used [0x00000007ac500000,0x00000007ac510000,0x00000007ace00000)
  to   space 9728K, 0% used [0x00000007abb00000,0x00000007abb00000,0x00000007ac480000)
 ParOldGen       total 46592K, used 16370K [0x0000000780000000, 0x0000000782d80000, 0x00000007aab00000)
  object space 46592K, 35% used [0x0000000780000000,0x0000000780ffc958,0x0000000782d80000)
 Metaspace       used 20319K, capacity 21182K, committed 21424K, reserved 1067008K
  class space    used 2728K, capacity 2960K, committed 3072K, reserved 1048576K
}
Event: 1894.031 GC heap before
{Heap before GC invocations=16 (full 1):
 PSYoungGen      total 25600K, used 16448K [0x00000007aab00000, 0x00000007ace00000, 0x00000007c0000000)
  eden space 16384K, 100% used [0x00000007aab00000,0x00000007abb00000,0x00000007abb00000)
  from space 9216K, 0% used [0x00000007ac500000,0x00000007ac510000,0x00000007ace00000)
  to   space 9728K, 0% used [0x00000007abb00000,0x00000007abb00000,0x00000007ac480000)
 ParOldGen       total 46592K, used 16370K [0x0000000780000000, 0x0000000782d80000, 0x00000007aab00000)
  object space 46592K, 35% used [0x0000000780000000,0x0000000780ffc958,0x0000000782d80000)
 Metaspace       used 20319K, capacity 21182K, committed 21424K, reserved 1067008K
  class space    used 2728K, capacity 2960K, committed 3072K, reserved 1048576K
Event: 1894.041 GC heap after
Heap after GC invocations=16 (full 1):
 PSYoungGen      total 16896K, used 64K [0x00000007aab00000, 0x00000007acd00000, 0x00000007c0000000)
  eden space 16384K, 0% used [0x00000007aab00000,0x00000007aab00000,0x00000007abb00000)
  from space 512K, 12% used [0x00000007abb00000,0x00000007abb10000,0x00000007abb80000)
  to   space 9216K, 0% used [0x00000007ac400000,0x00000007ac400000,0x00000007acd00000)
 ParOldGen       total 46592K, used 16370K [0x0000000780000000, 0x0000000782d80000, 0x00000007aab00000)
  object space 46592K, 35% used [0x0000000780000000,0x0000000780ffc958,0x0000000782d80000)
 Metaspace       used 20319K, capacity 21182K, committed 21424K, reserved 1067008K
  class space    used 2728K, capacity 2960K, committed 3072K, reserved 1048576K
}
Event: 2038.675 GC heap before
{Heap before GC invocations=17 (full 1):
 PSYoungGen      total 16896K, used 16448K [0x00000007aab00000, 0x00000007acd00000, 0x00000007c0000000)
  eden space 16384K, 100% used [0x00000007aab00000,0x00000007abb00000,0x00000007abb00000)
  from space 512K, 12% used [0x00000007abb00000,0x00000007abb10000,0x00000007abb80000)
  to   space 9216K, 0% used [0x00000007ac400000,0x00000007ac400000,0x00000007acd00000)
 ParOldGen       total 46592K, used 16370K [0x0000000780000000, 0x0000000782d80000, 0x00000007aab00000)
  object space 46592K, 35% used [0x0000000780000000,0x0000000780ffc958,0x0000000782d80000)
 Metaspace       used 20338K, capacity 21246K, committed 21424K, reserved 1067008K
  class space    used 2728K, capacity 2960K, committed 3072K, reserved 1048576K
Event: 2038.677 GC heap after
Heap after GC invocations=17 (full 1):
 PSYoungGen      total 24576K, used 96K [0x00000007aab00000, 0x00000007acc00000, 0x00000007c0000000)
  eden space 16384K, 0% used [0x00000007aab00000,0x00000007aab00000,0x00000007abb00000)
  from space 8192K, 1% used [0x00000007ac400000,0x00000007ac418000,0x00000007acc00000)
  to   space 8704K, 0% used [0x00000007abb00000,0x00000007abb00000,0x00000007ac380000)
 ParOldGen       total 46592K, used 16378K [0x0000000780000000, 0x0000000782d80000, 0x00000007aab00000)
  object space 46592K, 35% used [0x0000000780000000,0x0000000780ffe958,0x0000000782d80000)
 Metaspace       used 20338K, capacity 21246K, committed 21424K, reserved 1067008K
  class space    used 2728K, capacity 2960K, committed 3072K, reserved 1048576K
}

